<?xml version="1.0" encoding="UTF-8"?>
<!-- Generated by org.testng.reporters.JUnitReportReporter -->
<testsuite hostname="LAPTOP-TT28PNP6" failures="0" tests="1" name="Academy.HomePage" time="21.079" errors="0" timestamp="2021-03-28T10:07:40 IST" skipped="0">
  <testcase classname="Academy.HomePage" name="basePageNavigation" time="21.079"/>
  <system-out/>
</testsuite> <!-- Academy.HomePage -->
