<?xml version="1.0" encoding="UTF-8"?>
<!-- Generated by org.testng.reporters.JUnitReportReporter -->
<testsuite hostname="LAPTOP-TT28PNP6" failures="0" tests="1" name="Academy.nestedloops" time="0.022" errors="0" timestamp="2021-03-03T12:15:35 IST" skipped="0">
  <testcase classname="Academy.nestedloops" name="mno" time="0.022"/>
  <system-out/>
</testsuite> <!-- Academy.nestedloops -->
