<?xml version="1.0" encoding="UTF-8"?>
<!-- Generated by org.testng.reporters.JUnitReportReporter -->
<testsuite hostname="LAPTOP-TT28PNP6" failures="0" tests="1" name="Academy.HomePage" time="22.537" errors="0" timestamp="2021-03-03T12:40:06 IST" skipped="0">
  <testcase classname="Academy.HomePage" name="basePageNavigation" time="22.537"/>
  <system-out/>
</testsuite> <!-- Academy.HomePage -->
